0 info it worked if it ends with ok
1 verbose cli [ '/usr/bin/node', '/bin/npm', 'run', 'client' ]
2 info using npm@3.10.10
3 info using node@v6.10.1
4 verbose run-script [ 'preclient', 'client', 'postclient' ]
5 info lifecycle nodejs-chess@0.1.0~preclient: nodejs-chess@0.1.0
6 silly lifecycle nodejs-chess@0.1.0~preclient: no script for preclient, continuing
7 info lifecycle nodejs-chess@0.1.0~client: nodejs-chess@0.1.0
8 verbose lifecycle nodejs-chess@0.1.0~client: unsafe-perm in lifecycle true
9 verbose lifecycle nodejs-chess@0.1.0~client: PATH: /usr/lib/node_modules/npm/bin/node-gyp-bin:/home/Lex/Downloads/chessnode/node_modules/.bin:/usr/bin:/sbin:/bin:/usr/sbin:/usr/bin
10 verbose lifecycle nodejs-chess@0.1.0~client: CWD: /home/Lex/Downloads/chessnode
11 silly lifecycle nodejs-chess@0.1.0~client: Args: [ '-c', 'gulp start' ]
12 info lifecycle nodejs-chess@0.1.0~client: Failed to exec client script
13 verbose stack Error: nodejs-chess@0.1.0 client: `gulp start`
13 verbose stack spawn ENOENT
13 verbose stack     at ChildProcess.<anonymous> (/usr/lib/node_modules/npm/lib/utils/spawn.js:33:16)
13 verbose stack     at emitTwo (events.js:106:13)
13 verbose stack     at ChildProcess.emit (events.js:191:7)
13 verbose stack     at maybeClose (internal/child_process.js:886:16)
13 verbose stack     at Process.ChildProcess._handle.onexit (internal/child_process.js:226:5)
14 verbose pkgid nodejs-chess@0.1.0
15 verbose cwd /home/Lex/Downloads/chessnode
16 error Linux 3.10.0-514.10.2.el7.x86_64
17 error argv "/usr/bin/node" "/bin/npm" "run" "client"
18 error node v6.10.1
19 error npm  v3.10.10
20 error file sh
21 error code ELIFECYCLE
22 error errno ENOENT
23 error syscall spawn
24 error nodejs-chess@0.1.0 client: `gulp start`
24 error spawn ENOENT
25 error Failed at the nodejs-chess@0.1.0 client script 'gulp start'.
25 error Make sure you have the latest version of node.js and npm installed.
25 error If you do, this is most likely a problem with the nodejs-chess package,
25 error not with npm itself.
25 error Tell the author that this fails on your system:
25 error     gulp start
25 error You can get information on how to open an issue for this project with:
25 error     npm bugs nodejs-chess
25 error Or if that isn't available, you can get their info via:
25 error     npm owner ls nodejs-chess
25 error There is likely additional logging output above.
26 verbose exit [ 1, true ]
